<?xml version="1.0" encoding="UTF-8"?>
<testng-results skipped="0" failed="0" total="1" passed="1">
  <reporter-output>
  </reporter-output>
  <suite name="Suite" duration-ms="29623" started-at="2018-02-05T06:28:19Z" finished-at="2018-02-05T06:28:49Z">
    <groups>
    </groups>
    <test name="Test" duration-ms="29623" started-at="2018-02-05T06:28:19Z" finished-at="2018-02-05T06:28:49Z">
      <class name="com.orbitz.testscripts.lib.TestCase_101">
        <test-method status="PASS" signature="open()[pri:0, instance:com.orbitz.testscripts.lib.TestCase_101@20e2cbe0]" name="open" is-config="true" duration-ms="11995" started-at="2018-02-05T11:58:19Z" finished-at="2018-02-05T11:58:31Z">
          <reporter-output>
          </reporter-output>
        </test-method> <!-- open -->
        <test-method status="PASS" signature="flightBookingExecution()[pri:0, instance:com.orbitz.testscripts.lib.TestCase_101@20e2cbe0]" name="flightBookingExecution" duration-ms="16416" started-at="2018-02-05T11:58:31Z" finished-at="2018-02-05T11:58:48Z">
          <reporter-output>
          </reporter-output>
        </test-method> <!-- flightBookingExecution -->
        <test-method status="PASS" signature="tearDown()[pri:0, instance:com.orbitz.testscripts.lib.TestCase_101@20e2cbe0]" name="tearDown" is-config="true" duration-ms="1195" started-at="2018-02-05T11:58:48Z" finished-at="2018-02-05T11:58:49Z">
          <reporter-output>
          </reporter-output>
        </test-method> <!-- tearDown -->
      </class> <!-- com.orbitz.testscripts.lib.TestCase_101 -->
    </test> <!-- Test -->
  </suite> <!-- Suite -->
</testng-results>
