<?xml version="1.0" encoding="UTF-8"?>
<testng-results skipped="0" failed="0" total="2" passed="2">
  <reporter-output>
  </reporter-output>
  <suite name="Suite" duration-ms="72056" started-at="2018-02-05T08:44:04Z" finished-at="2018-02-05T08:45:16Z">
    <groups>
    </groups>
    <test name="ChromeTest" duration-ms="40942" started-at="2018-02-05T08:44:04Z" finished-at="2018-02-05T08:44:45Z">
      <class name="com.orbitz.testscripts.lib.TestCase_101">
        <test-method status="PASS" signature="StartUp(java.lang.String)[pri:0, instance:com.orbitz.testscripts.lib.TestCase_101@457e2f02]" name="StartUp" is-config="true" duration-ms="21442" started-at="2018-02-05T14:14:04Z" finished-at="2018-02-05T14:14:25Z">
          <params>
            <param index="0">
              <value>
                <![CDATA[chrome]]>
              </value>
            </param>
          </params>
          <reporter-output>
          </reporter-output>
        </test-method> <!-- StartUp -->
        <test-method status="PASS" signature="flightBookingExecution()[pri:0, instance:com.orbitz.testscripts.lib.TestCase_101@457e2f02]" name="flightBookingExecution" duration-ms="17036" started-at="2018-02-05T14:14:25Z" finished-at="2018-02-05T14:14:42Z">
          <reporter-output>
          </reporter-output>
        </test-method> <!-- flightBookingExecution -->
        <test-method status="PASS" signature="tearDown()[pri:0, instance:com.orbitz.testscripts.lib.TestCase_101@457e2f02]" name="tearDown" is-config="true" duration-ms="2446" started-at="2018-02-05T14:14:42Z" finished-at="2018-02-05T14:14:45Z">
          <reporter-output>
          </reporter-output>
        </test-method> <!-- tearDown -->
      </class> <!-- com.orbitz.testscripts.lib.TestCase_101 -->
    </test> <!-- ChromeTest -->
    <test name="FirefoxTest" duration-ms="31063" started-at="2018-02-05T08:44:45Z" finished-at="2018-02-05T08:45:16Z">
      <class name="com.orbitz.testscripts.lib.TestCase_101">
        <test-method status="PASS" signature="StartUp(java.lang.String)[pri:0, instance:com.orbitz.testscripts.lib.TestCase_101@29774679]" name="StartUp" is-config="true" duration-ms="12602" started-at="2018-02-05T14:14:45Z" finished-at="2018-02-05T14:14:57Z">
          <params>
            <param index="0">
              <value>
                <![CDATA[firefox]]>
              </value>
            </param>
          </params>
          <reporter-output>
          </reporter-output>
        </test-method> <!-- StartUp -->
        <test-method status="PASS" signature="flightBookingExecution()[pri:0, instance:com.orbitz.testscripts.lib.TestCase_101@29774679]" name="flightBookingExecution" duration-ms="17291" started-at="2018-02-05T14:14:57Z" finished-at="2018-02-05T14:15:15Z">
          <reporter-output>
          </reporter-output>
        </test-method> <!-- flightBookingExecution -->
        <test-method status="PASS" signature="tearDown()[pri:0, instance:com.orbitz.testscripts.lib.TestCase_101@29774679]" name="tearDown" is-config="true" duration-ms="1165" started-at="2018-02-05T14:15:15Z" finished-at="2018-02-05T14:15:16Z">
          <reporter-output>
          </reporter-output>
        </test-method> <!-- tearDown -->
      </class> <!-- com.orbitz.testscripts.lib.TestCase_101 -->
    </test> <!-- FirefoxTest -->
  </suite> <!-- Suite -->
</testng-results>
